124 248 372
125 250 375
126 252 378
127 254 381
128 256 384
134 268 402
135 270 405
136 272 408
137 274 411
138 276 414
140 280 420
141 282 423
142 284 426
144 288 432
150 300 450
151 302 453
152 304 456
154 308 462
155 310 465
156 312 468
157 314 471
158 316 474
160 320 480
161 322 483
162 324 486
167 334 501
168 336 504
170 340 510
171 342 513
172 344 516
174 348 522
175 350 525
176 352 528
177 354 531
178 356 534
180 360 540
181 362 543
182 364 546
184 368 552
185 370 555
186 372 558
187 374 561
188 376 564
200 400 600
201 402 603
202 404 606
204 408 612
205 410 615
206 412 618
207 414 621
208 416 624
210 420 630
211 422 633
212 424 636
214 428 642
215 430 645
216 432 648
217 434 651
218 436 654
220 440 660
221 442 663
222 444 666
224 448 672
225 450 675
226 452 678
227 454 681
228 456 684
234 468 702
235 470 705
236 472 708
237 474 711
238 476 714
240 480 720
241 482 723
242 484 726
244 488 732
250 500 750
251 502 753
252 504 756
254 508 762
255 510 765
256 512 768
257 514 771
258 516 774
260 520 780
261 522 783
262 524 786
267 534 801
268 536 804
270 540 810
271 542 813
272 544 816
274 548 822
275 550 825
276 552 828
277 554 831
278 556 834
280 560 840
281 562 843
282 564 846
284 568 852
285 570 855
286 572 858
287 574 861
288 576 864
